[debug] [2021-10-29T02:38:54.515Z] ----------------------------------------------------------------------
[debug] [2021-10-29T02:38:54.525Z] Command:       C:\Program Files\nodejs\node.exe C:\Users\Siam\AppData\Roaming\npm\node_modules\firebase-tools\lib\bin\firebase.js init
[debug] [2021-10-29T02:38:54.526Z] CLI Version:   9.21.0
[debug] [2021-10-29T02:38:54.527Z] Platform:      win32
[debug] [2021-10-29T02:38:54.527Z] Node Version:  v14.17.1
[debug] [2021-10-29T02:38:54.645Z] Time:          Fri Oct 29 2021 08:38:54 GMT+0600 (Bangladesh Standard Time)
[debug] [2021-10-29T02:38:54.645Z] ----------------------------------------------------------------------
[debug] 
[debug] [2021-10-29T02:38:54.682Z] >>> [apiv2][query] GET https://firebase-public.firebaseio.com/cli.json [none]
[debug] [2021-10-29T02:38:54.895Z] > command requires scopes: ["email","openid","https://www.googleapis.com/auth/cloudplatformprojects.readonly","https://www.googleapis.com/auth/firebase","https://www.googleapis.com/auth/cloud-platform"]
[debug] [2021-10-29T02:38:54.896Z] > authorizing via signed-in user (siamur01@gmail.com)
[info] 
     ######## #### ########  ######## ########     ###     ######  ########
     ##        ##  ##     ## ##       ##     ##  ##   ##  ##       ##
     ######    ##  ########  ######   ########  #########  ######  ######
     ##        ##  ##    ##  ##       ##     ## ##     ##       ## ##
     ##       #### ##     ## ######## ########  ##     ##  ######  ########

You're about to initialize a Firebase project in this directory:

  G:\Milestone-11\AAssignment-11\thirst-for-travel

[debug] [2021-10-29T02:38:56.606Z] <<< [apiv2][status] GET https://firebase-public.firebaseio.com/cli.json 200
[debug] [2021-10-29T02:38:56.607Z] <<< [apiv2][body] GET https://firebase-public.firebaseio.com/cli.json {"cloudBuildErrorAfter":1594252800000,"cloudBuildWarnAfter":1590019200000,"defaultNode10After":1594252800000,"minVersion":"3.0.5","node8DeploysDisabledAfter":1613390400000,"node8RuntimeDisabledAfter":1615809600000,"node8WarnAfter":1600128000000}
